<?xml version="1.0" encoding="UTF-8"?>
<testng-results ignored="0" total="1" passed="1" failed="0" skipped="0">
  <reporter-output>
  </reporter-output>
  <suite started-at="2022-05-11T12:14:49 EDT" name="Default suite" finished-at="2022-05-11T12:14:51 EDT" duration-ms="2234">
    <groups>
    </groups>
    <test started-at="2022-05-11T12:14:49 EDT" name="Default test" finished-at="2022-05-11T12:14:51 EDT" duration-ms="2234">
      <class name="test.ValidateMonthsInDropDownTest">
        <test-method is-config="true" signature="setUp()[pri:0, instance:test.ValidateMonthsInDropDownTest@2d901eb0]" started-at="2022-05-11T12:14:49 EDT" name="setUp" finished-at="2022-05-11T12:14:51 EDT" duration-ms="1968" status="PASS">
          <reporter-output>
          </reporter-output>
        </test-method> <!-- setUp -->
        <test-method signature="userAbleToValidateMonths()[pri:1, instance:test.ValidateMonthsInDropDownTest@2d901eb0]" started-at="2022-05-11T12:14:51 EDT" name="userAbleToValidateMonths" finished-at="2022-05-11T12:14:51 EDT" duration-ms="234" status="PASS">
          <reporter-output>
          </reporter-output>
        </test-method> <!-- userAbleToValidateMonths -->
        <test-method is-config="true" signature="tearDown()[pri:0, instance:test.ValidateMonthsInDropDownTest@2d901eb0]" started-at="2022-05-11T12:14:51 EDT" name="tearDown" finished-at="2022-05-11T12:14:51 EDT" duration-ms="0" status="PASS">
          <reporter-output>
          </reporter-output>
        </test-method> <!-- tearDown -->
      </class> <!-- test.ValidateMonthsInDropDownTest -->
    </test> <!-- Default test -->
  </suite> <!-- Default suite -->
</testng-results>
